<?xml version="1.0" encoding="UTF-8"?>
<!-- Generated by org.testng.reporters.JUnitXMLReporter -->
<testsuite hostname="EQ-EQ7501146" ignored="4" name="Test" tests="3" failures="0" timestamp="2021-10-11T21:38:39 EET" time="15.256" errors="0">
  <testcase name="userCanLoginSuccessfully" time="5.248" classname="tests.LoginTest"/>
  <testcase name="addNewUserSuccessfully" time="7.884" classname="tests.UsersTest"/>
  <testcase name="SearchForExistingUser" time="2.042" classname="tests.HomeTest"/>
  <testcase name="@BeforeSuite startDriver" time="0.0" classname="tests.TestBase">
    <ignored/>
  </testcase> <!-- @BeforeSuite startDriver -->
  <testcase name="@BeforeSuite startDriver" time="0.0" classname="tests.TestBase">
    <ignored/>
  </testcase> <!-- @BeforeSuite startDriver -->
  <testcase name="@AfterSuite stopDriver" time="0.0" classname="tests.TestBase">
    <ignored/>
  </testcase> <!-- @AfterSuite stopDriver -->
  <testcase name="@AfterSuite stopDriver" time="0.0" classname="tests.TestBase">
    <ignored/>
  </testcase> <!-- @AfterSuite stopDriver -->
</testsuite> <!-- Test -->
