<?xml version="1.0" encoding="UTF-8"?>
<testng-results skipped="0" failed="0" ignored="4" total="7" passed="3">
  <reporter-output>
  </reporter-output>
  <suite name="Regression suit" duration-ms="15256" started-at="2021-10-11T21:38:24 EET" finished-at="2021-10-11T21:38:39 EET">
    <groups>
    </groups>
    <test name="Test" duration-ms="15256" started-at="2021-10-11T21:38:24 EET" finished-at="2021-10-11T21:38:39 EET">
      <class name="tests.LoginTest">
        <test-method status="PASS" signature="startDriver(java.lang.String)[pri:0, instance:tests.LoginTest@6b9651f3]" name="startDriver" is-config="true" duration-ms="11056" started-at="2021-10-11T21:38:13 EET" finished-at="2021-10-11T21:38:24 EET">
          <params>
            <param index="0">
              <value>
                <![CDATA[chrome]]>
              </value>
            </param>
          </params>
          <reporter-output>
          </reporter-output>
        </test-method> <!-- startDriver -->
        <test-method status="PASS" signature="userCanLoginSuccessfully()[pri:1, instance:tests.LoginTest@6b9651f3]" name="userCanLoginSuccessfully" duration-ms="5248" started-at="2021-10-11T21:38:24 EET" finished-at="2021-10-11T21:38:29 EET">
          <reporter-output>
          </reporter-output>
        </test-method> <!-- userCanLoginSuccessfully -->
        <test-method status="PASS" signature="stopDriver()[pri:0, instance:tests.LoginTest@6b9651f3]" name="stopDriver" is-config="true" duration-ms="1" started-at="2021-10-11T21:38:39 EET" finished-at="2021-10-11T21:38:39 EET">
          <reporter-output>
          </reporter-output>
        </test-method> <!-- stopDriver -->
      </class> <!-- tests.LoginTest -->
      <class name="tests.HomeTest">
        <test-method status="PASS" signature="SearchForExistingUser()[pri:3, instance:tests.HomeTest@1500955a]" name="SearchForExistingUser" duration-ms="2042" started-at="2021-10-11T21:38:37 EET" finished-at="2021-10-11T21:38:39 EET">
          <reporter-output>
          </reporter-output>
        </test-method> <!-- SearchForExistingUser -->
      </class> <!-- tests.HomeTest -->
      <class name="tests.UsersTest">
        <test-method status="PASS" signature="addNewUserSuccessfully()[pri:2, instance:tests.UsersTest@7ce6a65d]" name="addNewUserSuccessfully" duration-ms="7884" started-at="2021-10-11T21:38:29 EET" finished-at="2021-10-11T21:38:37 EET">
          <reporter-output>
          </reporter-output>
        </test-method> <!-- addNewUserSuccessfully -->
      </class> <!-- tests.UsersTest -->
    </test> <!-- Test -->
  </suite> <!-- Regression suit -->
</testng-results>
